
   Program  MARK  - Survival Rate Estimation with Capture-Recapture Data
   gfortran(GNU/Linux 64-bit) Vers. 8.  27-Oct-2017 00:01:08    Page  001
 - - - - - - - - - - - - - - - - - - - - - - - - - - - - - - - - - - - - - -
 
   This version was compiled by GCC version 5.3.1 20160406 (Red Hat 5.3.1-6) using the options: 
     -cpp -D_REENTRANT -D IEEE -m64 -mtune=generic -march=x86-64 -O2 -fimplicit-none
     -fbounds-check -funroll-loops -ftree-vectorize
     -ffpe-summary=invalid,zero,overflow,underflow -fno-unsafe-math-optimizations
     -frounding-math -fsignaling-nans -fopenmp.

   This problem will use 7 of 8 possible threads.


  INPUT --- proc title ;

     CPU Time in seconds for last procedure was 0.00


  INPUT --- proc chmatrix occasions= 5 groups= 3 etype= Live ICMeans 
  INPUT --- NoHist hist= 68 ;

  INPUT ---    time  interval 1 1 1 1 ;

  INPUT ---    glabel(1)=sex1;

  INPUT ---    glabel(2)=sex2;

  INPUT ---    glabel(3)=sex3;

   * *  WARNING  * *   At least a pair of the encounter histories are duplicates. 

      Number of unique encounter histories read was 28.

      Number of individual covariates read was 0.
      Time interval lengths are all equal to 1.

      Data type number is 1
      Data type is Live Recaptures (CJS)                                                                               

     CPU Time in seconds for last procedure was 0.00

  Program  MARK  - Survival Rate Estimation with Capture-Recapture Data
   gfortran(GNU/Linux 64-bit) Vers. 8.  27-Oct-2017 00:01:08    Page  002
 - - - - - - - - - - - - - - - - - - - - - - - - - - - - - - - - - - - - - -
 


  INPUT --- proc estimate link=Logit NOLOOP varest=2ndPart    ;


  INPUT --- model={ Phi(~sex)p(~sex) };

  INPUT ---    group=1 Phi    rows=4 cols=4 Triang ;
  INPUT ---        1 1 1 1 ;
  INPUT ---        1 1 1 ;
  INPUT ---        1 1 ;
  INPUT ---        1 ;

  INPUT ---    group=2 Phi    rows=4 cols=4 Triang ;
  INPUT ---        2 2 2 2 ;
  INPUT ---        2 2 2 ;
  INPUT ---        2 2 ;
  INPUT ---        2 ;

  INPUT ---    group=3 Phi    rows=4 cols=4 Triang ;
  INPUT ---        3 3 3 3 ;
  INPUT ---        3 3 3 ;
  INPUT ---        3 3 ;
  INPUT ---        3 ;

  INPUT ---    group=1 p    rows=4 cols=4 Triang ;
  INPUT ---        4 4 4 4 ;
  INPUT ---        4 4 4 ;
  INPUT ---        4 4 ;
  INPUT ---        4 ;

  INPUT ---    group=2 p    rows=4 cols=4 Triang ;
  INPUT ---        5 5 5 5 ;
  INPUT ---        5 5 5 ;
  INPUT ---        5 5 ;
  INPUT ---        5 ;

  INPUT ---    group=3 p    rows=4 cols=4 Triang ;
  INPUT ---        6 6 6 6 ;
  INPUT ---        6 6 6 ;
  INPUT ---        6 6 ;
  INPUT ---        6 ;

  INPUT ---    design matrix constraints=6 covariates=6;
  INPUT ---        1 0 0 0 0 0;
  INPUT ---        1 1 0 0 0 0;

  Program  MARK  - Survival Rate Estimation with Capture-Recapture Data
   gfortran(GNU/Linux 64-bit) Vers. 8.  27-Oct-2017 00:01:08    Page  003
 - - - - - - - - - - - - - - - - - - - - - - - - - - - - - - - - - - - - - -
 
  INPUT ---        1 0 1 0 0 0;
  INPUT ---        0 0 0 1 0 0;
  INPUT ---        0 0 0 1 1 0;
  INPUT ---        0 0 0 1 0 1;
  INPUT ---       blabel(1)=Phi:(Intercept);
  INPUT ---       blabel(2)=Phi:sex2;
  INPUT ---       blabel(3)=Phi:sex3;
  INPUT ---       blabel(4)=p:(Intercept);
  INPUT ---       blabel(5)=p:sex2;
  INPUT ---       blabel(6)=p:sex3;
  INPUT ---       rlabel(1)=Phi g1 c1 a0 t1;
  INPUT ---       rlabel(2)=Phi g2 c1 a0 t1;
  INPUT ---       rlabel(3)=Phi g3 c1 a0 t1;
  INPUT ---       rlabel(4)=p g1 c1 a1 t2;
  INPUT ---       rlabel(5)=p g2 c1 a1 t2;
  INPUT ---       rlabel(6)=p g3 c1 a1 t2;

 Link Function Used is LOGIT        

 Variance Estimation Procedure Used is 2ndPart 
 -2logL(saturated) = 865.45557     
 Effective Sample Size = 522

 Number of function evaluations was 42 for 6 parameters.
 Time for numerical optimization was 0.23 seconds.
 -2logL { Phi(~sex)p(~sex) } = 1046.7575     
 Penalty { Phi(~sex)p(~sex) } = -0.0000000    
 Gradient { Phi(~sex)p(~sex) }:
  0.8621497E-03  0.000000     0.4081128E-03-0.7413587E-03-0.1000746E-03
 -0.6750401E-03
 S Vector { Phi(~sex)p(~sex) }:
   197.2229      55.62337      13.67768      6.369030      1.082045    
  0.6466166E-06
 Time to compute number of parameters was 0.01 seconds.
   Threshold =  0.1400000E-06     Condition index =  0.3278608E-08     New Threshold =  0.1583881E-05
 New Guessimate of Estimated Parameters { Phi(~sex)p(~sex) } = 5          
 Conditioned S Vector { Phi(~sex)p(~sex) }:
   1.000000     0.2820330     0.6935136E-01 0.3229356E-01 0.5486407E-02
  0.3278608E-08
 Number of Estimated Parameters { Phi(~sex)p(~sex) } = 5          
 DEVIANCE { Phi(~sex)p(~sex) } = 181.30193                     
 DEVIANCE Degrees of Freedom { Phi(~sex)p(~sex) } = 51            
 c-hat { Phi(~sex)p(~sex) } = 3.5549398                     
 AIC { Phi(~sex)p(~sex) } = 1056.7575                  
 AICc { Phi(~sex)p(~sex) } = 1056.8738                    
 BIC { Phi(~sex)p(~sex) } = 1078.0458                    
 Pearson Chisquare { Phi(~sex)p(~sex) } = 171.85028                  
 Possible Encounter Histories { Phi(~sex)p(~sex) } = 90             
 Pearson Chisquare df { Phi(~sex)p(~sex) } = 73        
 Pearson chat { Phi(~sex)p(~sex) } = 2.3541134                  
 Sum(Observed/Expected) { Phi(~sex)p(~sex) } = 91.645015                  
 Fletcher chat { Phi(~sex)p(~sex) } = 2.3118574                  


                     LOGIT Link Function Parameters of { Phi(~sex)p(~sex) }
                                                              95% Confidence Interval
 Parameter                    Beta         Standard Error      Lower           Upper
 -------------------------  --------------  --------------  --------------  --------------
    1:Phi:(Intercept)       2.6922027       0.5538016       1.6067516       3.7776538     
    2:Phi:sex2              14.214900       1243.5881       -2423.2178      2451.6476     
    3:Phi:sex3              -0.7828301      0.8350216       -2.4194724      0.8538123     
    4:p:(Intercept)         0.1347849       0.1786785       -0.2154251      0.4849948     

  Program  MARK  - Survival Rate Estimation with Capture-Recapture Data
   gfortran(GNU/Linux 64-bit) Vers. 8.  27-Oct-2017 00:01:08    Page  004
 - - - - - - - - - - - - - - - - - - - - - - - - - - - - - - - - - - - - - -
 
    5:p:sex2                -0.3632249      0.2186729       -0.7918239      0.0653741     
    6:p:sex3                -0.8188813      0.3060147       -1.4186700      -0.2190925    


                     Real Function Parameters of { Phi(~sex)p(~sex) }
                                                               95% Confidence Interval
  Parameter                  Estimate       Standard Error      Lower           Upper
 --------------------------  --------------  --------------  --------------  --------------
     1:Phi g1 c1 a0 t1       0.9365650       0.0329019       0.8329599       0.9776353                           
     2:Phi g2 c1 a0 t1       1.0000000       0.5649568E-004  0.2170321E-296  1.0000000                           
     3:Phi g3 c1 a0 t1       0.8709487       0.0702428       0.6647347       0.9582848                           
     4:p g1 c1 a1 t2         0.5336453       0.0444674       0.4463511       0.6189266                           
     5:p g2 c1 a1 t2         0.4431371       0.0311081       0.3833098       0.5046607                           
     6:p g3 c1 a1 t2         0.3353476       0.0553732       0.2366697       0.4508672                           

 Attempted ordering of parameters by estimatibility:
  4 5 6 1 3 2
 Beta number 2 is a singular value.

     CPU Time in seconds for last procedure was 0.24


  INPUT --- proc stop;

   * *  WARNING  * *   Numerical underflow occurred during final processing of this model. 
     IEEE flag status at final processing of this model:
     overflow       F
     divide by zero F
     invalid        F
     underflow      T
     inexact        T


     CPU Time in minutes for this job was 0.00

     Time Start = 00:01:08.211   Time End = 00:01:08.262

     Wall Clock Time in minutes for this job was 0.00


          E X E C U T I O N   S U C C E S S F U L 
